<?xml version="1.0" encoding="UTF-8"?>
<robot generator="Robot 6.0.2 (Python 3.11.2 on win32)" generated="20240410 13:52:57.202" rpa="false" schemaversion="3">
<suite id="s1" name="Robot" source="C:\Users\Time L\Desktop\Robot">
<suite id="s1-s1" name="Test" source="C:\Users\Time L\Desktop\Robot\Test.robot">
<test id="s1-s1-t1" name="Perform DuckDuckGo Search" line="9">
<kw name="Dado que eu acesso a tela inicial" library="keywords">
<kw name="Open Browser" library="SeleniumLibrary">
<arg>${URL}</arg>
<arg>${BROWSER}</arg>
<doc>Opens a new browser instance to the optional ``url``.</doc>
<msg timestamp="20240410 13:52:57.738" level="INFO">Opening browser 'Edge' to base url 'https://duckduckgo.com/'.</msg>
<status status="PASS" starttime="20240410 13:52:57.735" endtime="20240410 13:53:04.052"/>
</kw>
<kw name="Maximize Browser Window" library="SeleniumLibrary">
<doc>Maximizes current browser window.</doc>
<status status="PASS" starttime="20240410 13:53:04.052" endtime="20240410 13:53:04.217"/>
</kw>
<status status="PASS" starttime="20240410 13:52:57.733" endtime="20240410 13:53:04.218"/>
</kw>
<kw name="E preencho a barra de pesquisa" library="keywords">
<kw name="Input Text" library="SeleniumLibrary">
<arg>xpath=//html/body/div/main/article/div[1]/div[1]/div[2]/div/header/div/section[2]/form/div/input[2]</arg>
<arg>${pesquise}</arg>
<doc>Types the given ``text`` into the text field identified by ``locator``.</doc>
<msg timestamp="20240410 13:53:04.227" level="INFO">Typing text 'Bitcoin' into text field 'xpath=//html/body/div/main/article/div[1]/div[1]/div[2]/div/header/div/section[2]/form/div/input[2]'.</msg>
<status status="PASS" starttime="20240410 13:53:04.224" endtime="20240410 13:53:04.462"/>
</kw>
<kw name="Click Button" library="SeleniumLibrary">
<arg>xpath=//html/body/div/main/article/div[1]/div[1]/div[2]/div/header/div/section[2]/form/div[1]/div/button[2]</arg>
<doc>Clicks the button identified by ``locator``.</doc>
<msg timestamp="20240410 13:53:04.465" level="INFO">Clicking button 'xpath=//html/body/div/main/article/div[1]/div[1]/div[2]/div/header/div/section[2]/form/div[1]/div/button[2]'.</msg>
<status status="PASS" starttime="20240410 13:53:04.463" endtime="20240410 13:53:04.664"/>
</kw>
<kw name="Wait Until Page Contains Element" library="SeleniumLibrary">
<arg>xpath=//html/body/div[2]/div[6]/div[4]/div</arg>
<arg>10s</arg>
<doc>Waits until the element ``locator`` appears on the current page.</doc>
<status status="PASS" starttime="20240410 13:53:04.665" endtime="20240410 13:53:06.148"/>
</kw>
<status status="PASS" starttime="20240410 13:53:04.219" endtime="20240410 13:53:06.148"/>
</kw>
<kw name="Então visualizo o resultado da busca" library="keywords">
<kw name="Get Element Count" library="SeleniumLibrary">
<var>${result_count}</var>
<arg>xpath=//h2/a</arg>
<doc>Returns the number of elements matching ``locator``.</doc>
<msg timestamp="20240410 13:53:06.172" level="INFO">${result_count} = 10</msg>
<status status="PASS" starttime="20240410 13:53:06.150" endtime="20240410 13:53:06.172"/>
</kw>
<kw name="Log To Console" library="BuiltIn">
<arg>${result_count}</arg>
<doc>Logs the given message to the console.</doc>
<status status="PASS" starttime="20240410 13:53:06.173" endtime="20240410 13:53:06.174"/>
</kw>
<for flavor="IN RANGE">
<var>${element}</var>
<value>1</value>
<value>11</value>
<iter>
<var name="${element}">1</var>
<kw name="Get Text" library="SeleniumLibrary">
<var>${linkText}</var>
<arg>xpath=(//h2/a)[${element}]</arg>
<doc>Returns the text value of the element identified by ``locator``.</doc>
<msg timestamp="20240410 13:53:06.220" level="INFO">${linkText} = Bitcoin (BTC) Preço, Gráfico, Capitalização de Mercado - CoinMarketCap</msg>
<status status="PASS" starttime="20240410 13:53:06.175" endtime="20240410 13:53:06.221"/>
</kw>
<kw name="Log To Console" library="BuiltIn">
<arg>Link: ${linkText}</arg>
<doc>Logs the given message to the console.</doc>
<status status="PASS" starttime="20240410 13:53:06.222" endtime="20240410 13:53:06.227"/>
</kw>
<status status="PASS" starttime="20240410 13:53:06.175" endtime="20240410 13:53:06.227"/>
</iter>
<iter>
<var name="${element}">2</var>
<kw name="Get Text" library="SeleniumLibrary">
<var>${linkText}</var>
<arg>xpath=(//h2/a)[${element}]</arg>
<doc>Returns the text value of the element identified by ``locator``.</doc>
<msg timestamp="20240410 13:53:06.277" level="INFO">${linkText} = Preço do Bitcoin (BTC) Hoje - Binance</msg>
<status status="PASS" starttime="20240410 13:53:06.228" endtime="20240410 13:53:06.277"/>
</kw>
<kw name="Log To Console" library="BuiltIn">
<arg>Link: ${linkText}</arg>
<doc>Logs the given message to the console.</doc>
<status status="PASS" starttime="20240410 13:53:06.278" endtime="20240410 13:53:06.279"/>
</kw>
<status status="PASS" starttime="20240410 13:53:06.227" endtime="20240410 13:53:06.279"/>
</iter>
<iter>
<var name="${element}">3</var>
<kw name="Get Text" library="SeleniumLibrary">
<var>${linkText}</var>
<arg>xpath=(//h2/a)[${element}]</arg>
<doc>Returns the text value of the element identified by ``locator``.</doc>
<msg timestamp="20240410 13:53:06.358" level="INFO">${linkText} = Mercado Bitcoin | Tudo para você investir em criptomoedas</msg>
<status status="PASS" starttime="20240410 13:53:06.280" endtime="20240410 13:53:06.358"/>
</kw>
<kw name="Log To Console" library="BuiltIn">
<arg>Link: ${linkText}</arg>
<doc>Logs the given message to the console.</doc>
<status status="PASS" starttime="20240410 13:53:06.358" endtime="20240410 13:53:06.359"/>
</kw>
<status status="PASS" starttime="20240410 13:53:06.280" endtime="20240410 13:53:06.360"/>
</iter>
<iter>
<var name="${element}">4</var>
<kw name="Get Text" library="SeleniumLibrary">
<var>${linkText}</var>
<arg>xpath=(//h2/a)[${element}]</arg>
<doc>Returns the text value of the element identified by ``locator``.</doc>
<msg timestamp="20240410 13:53:06.392" level="INFO">${linkText} = Bitcoin - Dinheiro P2P de código aberto</msg>
<status status="PASS" starttime="20240410 13:53:06.361" endtime="20240410 13:53:06.392"/>
</kw>
<kw name="Log To Console" library="BuiltIn">
<arg>Link: ${linkText}</arg>
<doc>Logs the given message to the console.</doc>
<status status="PASS" starttime="20240410 13:53:06.393" endtime="20240410 13:53:06.395"/>
</kw>
<status status="PASS" starttime="20240410 13:53:06.360" endtime="20240410 13:53:06.395"/>
</iter>
<iter>
<var name="${element}">5</var>
<kw name="Get Text" library="SeleniumLibrary">
<var>${linkText}</var>
<arg>xpath=(//h2/a)[${element}]</arg>
<doc>Returns the text value of the element identified by ``locator``.</doc>
<msg timestamp="20240410 13:53:06.435" level="INFO">${linkText} = Cotação Bitcoin Hoje e Preço (BTC) - Investing.com</msg>
<status status="PASS" starttime="20240410 13:53:06.396" endtime="20240410 13:53:06.436"/>
</kw>
<kw name="Log To Console" library="BuiltIn">
<arg>Link: ${linkText}</arg>
<doc>Logs the given message to the console.</doc>
<status status="PASS" starttime="20240410 13:53:06.437" endtime="20240410 13:53:06.440"/>
</kw>
<status status="PASS" starttime="20240410 13:53:06.395" endtime="20240410 13:53:06.441"/>
</iter>
<iter>
<var name="${element}">6</var>
<kw name="Get Text" library="SeleniumLibrary">
<var>${linkText}</var>
<arg>xpath=(//h2/a)[${element}]</arg>
<doc>Returns the text value of the element identified by ``locator``.</doc>
<msg timestamp="20240410 13:53:06.481" level="INFO">${linkText} = O que é bitcoin e como funciona essa moeda virtual?</msg>
<status status="PASS" starttime="20240410 13:53:06.442" endtime="20240410 13:53:06.481"/>
</kw>
<kw name="Log To Console" library="BuiltIn">
<arg>Link: ${linkText}</arg>
<doc>Logs the given message to the console.</doc>
<status status="PASS" starttime="20240410 13:53:06.482" endtime="20240410 13:53:06.483"/>
</kw>
<status status="PASS" starttime="20240410 13:53:06.441" endtime="20240410 13:53:06.484"/>
</iter>
<iter>
<var name="${element}">7</var>
<kw name="Get Text" library="SeleniumLibrary">
<var>${linkText}</var>
<arg>xpath=(//h2/a)[${element}]</arg>
<doc>Returns the text value of the element identified by ``locator``.</doc>
<msg timestamp="20240410 13:53:06.534" level="INFO">${linkText} = BTC (Bitcoin) - Cotação | InfoMoney</msg>
<status status="PASS" starttime="20240410 13:53:06.485" endtime="20240410 13:53:06.535"/>
</kw>
<kw name="Log To Console" library="BuiltIn">
<arg>Link: ${linkText}</arg>
<doc>Logs the given message to the console.</doc>
<status status="PASS" starttime="20240410 13:53:06.536" endtime="20240410 13:53:06.539"/>
</kw>
<status status="PASS" starttime="20240410 13:53:06.484" endtime="20240410 13:53:06.540"/>
</iter>
<iter>
<var name="${element}">8</var>
<kw name="Get Text" library="SeleniumLibrary">
<var>${linkText}</var>
<arg>xpath=(//h2/a)[${element}]</arg>
<doc>Returns the text value of the element identified by ``locator``.</doc>
<msg timestamp="20240410 13:53:06.576" level="INFO">${linkText} = Como o Bitcoin funciona? - Bitcoin</msg>
<status status="PASS" starttime="20240410 13:53:06.541" endtime="20240410 13:53:06.577"/>
</kw>
<kw name="Log To Console" library="BuiltIn">
<arg>Link: ${linkText}</arg>
<doc>Logs the given message to the console.</doc>
<status status="PASS" starttime="20240410 13:53:06.577" endtime="20240410 13:53:06.579"/>
</kw>
<status status="PASS" starttime="20240410 13:53:06.540" endtime="20240410 13:53:06.579"/>
</iter>
<iter>
<var name="${element}">9</var>
<kw name="Get Text" library="SeleniumLibrary">
<var>${linkText}</var>
<arg>xpath=(//h2/a)[${element}]</arg>
<doc>Returns the text value of the element identified by ``locator``.</doc>
<msg timestamp="20240410 13:53:06.629" level="INFO">${linkText} = Preço do Bitcoin: BTC Gráfico de preços, capitalização de mercado e ...</msg>
<status status="PASS" starttime="20240410 13:53:06.580" endtime="20240410 13:53:06.630"/>
</kw>
<kw name="Log To Console" library="BuiltIn">
<arg>Link: ${linkText}</arg>
<doc>Logs the given message to the console.</doc>
<status status="PASS" starttime="20240410 13:53:06.630" endtime="20240410 13:53:06.632"/>
</kw>
<status status="PASS" starttime="20240410 13:53:06.579" endtime="20240410 13:53:06.632"/>
</iter>
<iter>
<var name="${element}">10</var>
<kw name="Get Text" library="SeleniumLibrary">
<var>${linkText}</var>
<arg>xpath=(//h2/a)[${element}]</arg>
<doc>Returns the text value of the element identified by ``locator``.</doc>
<msg timestamp="20240410 13:53:06.681" level="INFO">${linkText} = Bitcoin - Wikipédia, a enciclopédia livre</msg>
<status status="PASS" starttime="20240410 13:53:06.633" endtime="20240410 13:53:06.682"/>
</kw>
<kw name="Log To Console" library="BuiltIn">
<arg>Link: ${linkText}</arg>
<doc>Logs the given message to the console.</doc>
<status status="PASS" starttime="20240410 13:53:06.682" endtime="20240410 13:53:06.684"/>
</kw>
<status status="PASS" starttime="20240410 13:53:06.632" endtime="20240410 13:53:06.684"/>
</iter>
<status status="PASS" starttime="20240410 13:53:06.174" endtime="20240410 13:53:06.684"/>
</for>
<kw name="Close Browser" library="SeleniumLibrary">
<doc>Closes the current browser.</doc>
<status status="PASS" starttime="20240410 13:53:06.685" endtime="20240410 13:53:09.099"/>
</kw>
<status status="PASS" starttime="20240410 13:53:06.149" endtime="20240410 13:53:09.100"/>
</kw>
<status status="PASS" starttime="20240410 13:52:57.731" endtime="20240410 13:53:09.102"/>
</test>
<status status="PASS" starttime="20240410 13:52:57.279" endtime="20240410 13:53:09.112"/>
</suite>
<status status="PASS" starttime="20240410 13:52:57.216" endtime="20240410 13:53:09.122"/>
</suite>
<statistics>
<total>
<stat pass="1" fail="0" skip="0">All Tests</stat>
</total>
<tag>
</tag>
<suite>
<stat pass="1" fail="0" skip="0" id="s1" name="Robot">Robot</stat>
<stat pass="1" fail="0" skip="0" id="s1-s1" name="Test">Robot.Test</stat>
</suite>
</statistics>
<errors>
</errors>
</robot>
